<?xml version="1.0" encoding="UTF-8"?>
<!-- Generated by org.testng.reporters.JUnitReportReporter -->
<testsuite hostname="ANUSRI" failures="0" tests="1" name="DetailsOfAmazon.Website.TestCase7_ProductDetailsPage" time="19.840" errors="0" timestamp="2025-07-06T12:53:56 IST" skipped="0">
  <testcase classname="DetailsOfAmazon.Website.TestCase7_ProductDetailsPage" name="ProductDetails" time="19.840">
    <system-out>
      <![CDATA[Testcase is passed]]>
    </system-out>
  </testcase> <!-- ProductDetails -->
  <system-out>
    <![CDATA[Testcase is passed]]>
  </system-out>
</testsuite> <!-- DetailsOfAmazon.Website.TestCase7_ProductDetailsPage -->
