<?xml version="1.0" encoding="UTF-8"?>
<!-- Generated by org.testng.reporters.JUnitReportReporter -->
<testsuite hostname="ANUSRI" failures="0" tests="1" name="DetailsOfAmazon.Website.Testcase1_Registration" time="9.003" errors="0" timestamp="2025-07-06T09:20:57 IST" skipped="0">
  <testcase classname="DetailsOfAmazon.Website.Testcase1_Registration" name="RegistrationPageDetails" time="9.003">
    <system-out>
      <![CDATA[Testcase is passed]]>
    </system-out>
  </testcase> <!-- RegistrationPageDetails -->
  <system-out>
    <![CDATA[Testcase is passed]]>
  </system-out>
</testsuite> <!-- DetailsOfAmazon.Website.Testcase1_Registration -->
