<?xml version="1.0" encoding="UTF-8"?>
<!-- Generated by org.testng.reporters.JUnitReportReporter -->
<testsuite hostname="ANUSRI" failures="0" tests="1" name="DetailsOfAmazon.Website.TestCase6_SearchingWithFilters" time="13.092" errors="0" timestamp="2025-07-06T13:15:06 IST" skipped="0">
  <testcase classname="DetailsOfAmazon.Website.TestCase6_SearchingWithFilters" name="Filters" time="13.092">
    <system-out>
      <![CDATA[Testcase is passed]]>
    </system-out>
  </testcase> <!-- Filters -->
  <system-out>
    <![CDATA[Testcase is passed]]>
  </system-out>
</testsuite> <!-- DetailsOfAmazon.Website.TestCase6_SearchingWithFilters -->
