<?xml version="1.0" encoding="UTF-8"?>
<!-- Generated by org.testng.reporters.JUnitReportReporter -->
<testsuite hostname="ANUSRI" failures="0" tests="1" name="DetailsOfAmazon.Website.Testcase15_ReachTillCartPage" time="21.110" errors="0" timestamp="2025-07-09T14:15:32 IST" skipped="0">
  <testcase classname="DetailsOfAmazon.Website.Testcase15_ReachTillCartPage" name="CartPage" time="21.110">
    <system-out>
      <![CDATA[Testcase is passed]]>
    </system-out>
  </testcase> <!-- CartPage -->
  <system-out>
    <![CDATA[Testcase is passed]]>
  </system-out>
</testsuite> <!-- DetailsOfAmazon.Website.Testcase15_ReachTillCartPage -->
