<?xml version="1.0" encoding="UTF-8"?>
<!-- Generated by org.testng.reporters.JUnitReportReporter -->
<testsuite hostname="ANUSRI" failures="0" tests="1" name="DetailsOfAmazon.Website.TestCase14_LastProductRating" time="15.482" errors="0" timestamp="2025-07-09T07:54:44 IST" skipped="0">
  <testcase classname="DetailsOfAmazon.Website.TestCase14_LastProductRating" name="Rating" time="15.482">
    <system-out>
      <![CDATA[Testcase is passed]]>
    </system-out>
  </testcase> <!-- Rating -->
  <system-out>
    <![CDATA[Testcase is passed]]>
  </system-out>
</testsuite> <!-- DetailsOfAmazon.Website.TestCase14_LastProductRating -->
