<?xml version="1.0" encoding="UTF-8"?>
<!-- Generated by org.testng.reporters.JUnitReportReporter -->
<testsuite hostname="ANUSRI" failures="0" tests="1" name="DetailsOfAmazon.Website.TestCase13_ApplyCouponCode" time="43.738" errors="0" timestamp="2025-07-08T19:56:43 IST" skipped="0">
  <testcase classname="DetailsOfAmazon.Website.TestCase13_ApplyCouponCode" name="CouponCode" time="43.738">
    <system-out>
      <![CDATA[Testcase is passed]]>
    </system-out>
  </testcase> <!-- CouponCode -->
  <system-out>
    <![CDATA[Testcase is passed]]>
  </system-out>
</testsuite> <!-- DetailsOfAmazon.Website.TestCase13_ApplyCouponCode -->
