<?xml version="1.0" encoding="UTF-8"?>
<!-- Generated by org.testng.reporters.JUnitReportReporter -->
<testsuite hostname="ANUSRI" failures="0" tests="1" name="DetailsOfAmazon.Website.TestCase9_AddingToCart" time="17.761" errors="0" timestamp="2025-07-06T19:35:01 IST" skipped="0">
  <testcase classname="DetailsOfAmazon.Website.TestCase9_AddingToCart" name="AddingToCart" time="17.761">
    <system-out>
      <![CDATA[Testcase is passed]]>
    </system-out>
  </testcase> <!-- AddingToCart -->
  <system-out>
    <![CDATA[Testcase is passed]]>
  </system-out>
</testsuite> <!-- DetailsOfAmazon.Website.TestCase9_AddingToCart -->
