<?xml version="1.0" encoding="UTF-8"?>
<!-- Generated by org.testng.reporters.JUnitReportReporter -->
<testsuite hostname="ANUSRI" failures="0" tests="1" name="DetailsOfAmazon.Website.TestCase12_SelectingEachPayment" time="33.928" errors="0" timestamp="2025-07-08T19:25:24 IST" skipped="0">
  <testcase classname="DetailsOfAmazon.Website.TestCase12_SelectingEachPayment" name="PaymentMethod" time="33.928">
    <system-out>
      <![CDATA[Testcase is passed]]>
    </system-out>
  </testcase> <!-- PaymentMethod -->
  <system-out>
    <![CDATA[Testcase is passed]]>
  </system-out>
</testsuite> <!-- DetailsOfAmazon.Website.TestCase12_SelectingEachPayment -->
