<?xml version="1.0" encoding="UTF-8"?>
<!-- Generated by org.testng.reporters.JUnitReportReporter -->
<testsuite hostname="ANUSRI" failures="0" tests="1" name="DetailsOfAmazon.Website.TestCase4_EditingProfile" time="16.784" errors="0" timestamp="2025-07-04T08:09:46 IST" skipped="0">
  <testcase classname="DetailsOfAmazon.Website.TestCase4_EditingProfile" name="EditingProfile" time="16.784"/>
</testsuite> <!-- DetailsOfAmazon.Website.TestCase4_EditingProfile -->
