<?xml version="1.0" encoding="UTF-8"?>
<!-- Generated by org.testng.reporters.JUnitReportReporter -->
<testsuite hostname="ANUSRI" failures="0" tests="1" name="DetailsOfAmazon.Website.TestCase10_UpdatingandRemovingfromCart" time="27.907" errors="0" timestamp="2025-07-06T20:40:08 IST" skipped="0">
  <testcase classname="DetailsOfAmazon.Website.TestCase10_UpdatingandRemovingfromCart" name="UpdatingCart" time="27.907">
    <system-out>
      <![CDATA[Testcase is passed]]>
    </system-out>
  </testcase> <!-- UpdatingCart -->
  <system-out>
    <![CDATA[Testcase is passed]]>
  </system-out>
</testsuite> <!-- DetailsOfAmazon.Website.TestCase10_UpdatingandRemovingfromCart -->
