<?xml version="1.0" encoding="UTF-8"?>
<!-- Generated by org.testng.reporters.JUnitReportReporter -->
<testsuite hostname="ANUSRI" failures="0" tests="1" name="DetailsOfAmazon.Website.TestCase11_CheckoutProcess" time="28.595" errors="0" timestamp="2025-07-08T09:03:50 IST" skipped="0">
  <testcase classname="DetailsOfAmazon.Website.TestCase11_CheckoutProcess" name="CheckoutProcess" time="28.595">
    <system-out>
      <![CDATA[Testcase is passed]]>
    </system-out>
  </testcase> <!-- CheckoutProcess -->
  <system-out>
    <![CDATA[Testcase is passed]]>
  </system-out>
</testsuite> <!-- DetailsOfAmazon.Website.TestCase11_CheckoutProcess -->
