<?xml version="1.0" encoding="UTF-8"?>
<!-- Generated by org.testng.reporters.JUnitReportReporter -->
<testsuite hostname="ANUSRI" failures="0" tests="1" name="DetailsOfAmazon.Website.TestCase8_SoartingProducts" time="12.478" errors="0" timestamp="2025-07-06T18:55:49 IST" skipped="0">
  <testcase classname="DetailsOfAmazon.Website.TestCase8_SoartingProducts" name="Sortingwithfilters" time="12.478">
    <system-out>
      <![CDATA[Testcase is passed]]>
    </system-out>
  </testcase> <!-- Sortingwithfilters -->
  <system-out>
    <![CDATA[Testcase is passed]]>
  </system-out>
</testsuite> <!-- DetailsOfAmazon.Website.TestCase8_SoartingProducts -->
