<?xml version="1.0" encoding="UTF-8"?>
<!-- Generated by org.testng.reporters.JUnitReportReporter -->
<testsuite hostname="ANUSRI" failures="0" tests="1" name="DetailsOfAmazon.Website.TestCase5_SearchForProduct" time="8.351" errors="0" timestamp="2025-07-05T10:15:07 IST" skipped="0">
  <testcase classname="DetailsOfAmazon.Website.TestCase5_SearchForProduct" name="SearchDetails" time="8.351"/>
</testsuite> <!-- DetailsOfAmazon.Website.TestCase5_SearchForProduct -->
