<?xml version="1.0" encoding="UTF-8"?>
<!-- Generated by org.testng.reporters.JUnitReportReporter -->
<testsuite hostname="ANUSRI" failures="0" tests="1" name="DetailsOfAmazon.Website.TestCase3_InvalidCredentials" time="9.563" errors="0" timestamp="2025-07-05T14:59:58 IST" skipped="0">
  <testcase classname="DetailsOfAmazon.Website.TestCase3_InvalidCredentials" name="InValidCredentials" time="9.563">
    <system-out>
      <![CDATA[Testcase is passed]]>
    </system-out>
  </testcase> <!-- InValidCredentials -->
  <system-out>
    <![CDATA[Testcase is passed]]>
  </system-out>
</testsuite> <!-- DetailsOfAmazon.Website.TestCase3_InvalidCredentials -->
