<?xml version="1.0" encoding="UTF-8"?>
<!-- Generated by org.testng.reporters.JUnitReportReporter -->
<testsuite hostname="ANUSRI" failures="0" tests="2" name="DetailsOfAmazon.Website.Testcase1_Registration" time="43.873" errors="0" timestamp="2025-07-09T20:31:19 IST" skipped="1">
  <testcase classname="DetailsOfAmazon.Website.Testcase1_Registration" name="RegistrationPageDetails" time="14.983">
    <system-out>
      <![CDATA[Testcase is passed]]>
    </system-out>
  </testcase> <!-- RegistrationPageDetails -->
  <testcase classname="DetailsOfAmazon.Website.Testcase1_Registration" name="RegistrationPageDetails" time="28.890">
    <skipped/>
  </testcase> <!-- RegistrationPageDetails -->
  <system-out>
    <![CDATA[Testcase is passed
Testcase is passed
Testcase is passed]]>
  </system-out>
</testsuite> <!-- DetailsOfAmazon.Website.Testcase1_Registration -->
