<?xml version="1.0" encoding="UTF-8"?>
<!-- Generated by org.testng.reporters.JUnitReportReporter -->
<testsuite hostname="ANUSRI" failures="0" tests="1" name="DetailsOfAmazon.Website.TestCase5_SearchForProduct" time="15.170" errors="0" timestamp="2025-07-08T20:54:49 IST" skipped="0">
  <testcase classname="DetailsOfAmazon.Website.TestCase5_SearchForProduct" name="SearchDetails" time="15.170">
    <system-out>
      <![CDATA[Testcase is passed]]>
    </system-out>
  </testcase> <!-- SearchDetails -->
  <system-out>
    <![CDATA[Testcase is passed
Testcase is passed
Testcase is passed]]>
  </system-out>
</testsuite> <!-- DetailsOfAmazon.Website.TestCase5_SearchForProduct -->
