<?xml version="1.0" encoding="UTF-8"?>
<!-- Generated by org.testng.reporters.JUnitReportReporter -->
<testsuite hostname="ANUSRI" failures="0" tests="1" name="DetailsOfAmazon.Website.Testcase2_ValidCredentials" time="24.949" errors="0" timestamp="2025-07-09T20:31:19 IST" skipped="0">
  <testcase classname="DetailsOfAmazon.Website.Testcase2_ValidCredentials" name="ValidCredentials" time="24.949">
    <system-out>
      <![CDATA[Testcase is passed]]>
    </system-out>
  </testcase> <!-- ValidCredentials -->
  <system-out>
    <![CDATA[Testcase is passed
Testcase is passed
Testcase is passed]]>
  </system-out>
</testsuite> <!-- DetailsOfAmazon.Website.Testcase2_ValidCredentials -->
